::1 - - [23/Apr/2024:16:18:35 +0000] "POST /api/v1/web/client/signUp HTTP/1.1" 201 100 "-" "PostmanRuntime/7.37.3"
::1 - - [23/Apr/2024:16:18:45 +0000] "POST /api/v1/web/client/signUp HTTP/1.1" 400 39 "-" "PostmanRuntime/7.37.3"
::1 - - [23/Apr/2024:16:20:01 +0000] "POST /api/v1/web/client/signUp HTTP/1.1" 201 110 "-" "PostmanRuntime/7.37.3"
::1 - - [23/Apr/2024:16:20:54 +0000] "POST /api/v1/web/client/signUp HTTP/1.1" 201 106 "-" "PostmanRuntime/7.37.3"
::1 - - [23/Apr/2024:16:22:36 +0000] "GET /api/v1/web/client/list HTTP/1.1" 200 521 "-" "PostmanRuntime/7.37.3"
::1 - - [23/Apr/2024:16:37:15 +0000] "POST /api/v1/web/clothes/save HTTP/1.1" 500 1533 "-" "PostmanRuntime/7.37.3"
::1 - - [23/Apr/2024:16:48:35 +0000] "POST /api/v1/web/clothes/save HTTP/1.1" 500 848 "-" "PostmanRuntime/7.37.3"
::1 - - [23/Apr/2024:19:50:35 +0000] "POST /api/v1/web/collection/save HTTP/1.1" 500 791 "-" "PostmanRuntime/7.37.3"
::1 - - [23/Apr/2024:20:29:41 +0000] "GET /api/v1/web/collection/list HTTP/1.1" 500 1192 "-" "PostmanRuntime/7.37.3"
::1 - - [23/Apr/2024:22:07:50 +0000] "GET /api/v1/web/collection/list HTTP/1.1" 500 1130 "-" "PostmanRuntime/7.37.3"
::1 - - [23/Apr/2024:22:08:20 +0000] "GET /api/v1/web/collection/list HTTP/1.1" 500 1090 "-" "PostmanRuntime/7.37.3"
::1 - - [23/Apr/2024:22:08:36 +0000] "GET /api/v1/web/collection/list HTTP/1.1" 500 1272 "-" "PostmanRuntime/7.37.3"
::1 - - [23/Apr/2024:22:09:23 +0000] "GET /api/v1/web/collection/list HTTP/1.1" 500 1269 "-" "PostmanRuntime/7.37.3"
::1 - - [23/Apr/2024:22:09:49 +0000] "GET /api/v1/web/collection/list HTTP/1.1" 200 394 "-" "PostmanRuntime/7.37.3"
::1 - - [23/Apr/2024:22:39:01 +0000] "GET /api/v1/web/collection/list HTTP/1.1" 500 676 "-" "PostmanRuntime/7.37.3"
::1 - - [23/Apr/2024:22:39:52 +0000] "GET /api/v1/web/collection/list HTTP/1.1" 500 1379 "-" "PostmanRuntime/7.37.3"
::1 - - [23/Apr/2024:22:40:09 +0000] "GET /api/v1/web/collection/list HTTP/1.1" 500 1376 "-" "PostmanRuntime/7.37.3"
::1 - - [23/Apr/2024:22:42:34 +0000] "GET /api/v1/web/collection/list HTTP/1.1" 200 808 "-" "PostmanRuntime/7.37.3"
::1 - - [23/Apr/2024:22:43:39 +0000] "GET /api/v1/web/collection/list HTTP/1.1" 500 1055 "-" "PostmanRuntime/7.37.3"
::1 - - [23/Apr/2024:22:44:21 +0000] "GET /api/v1/web/collection/list HTTP/1.1" 200 808 "-" "PostmanRuntime/7.37.3"
::1 - - [23/Apr/2024:23:23:43 +0000] "GET /api/v1/web/collection/list HTTP/1.1" 500 703 "-" "PostmanRuntime/7.37.3"
::1 - - [23/Apr/2024:23:24:52 +0000] "GET /api/v1/web/collection/list HTTP/1.1" 500 643 "-" "PostmanRuntime/7.37.3"
::1 - - [23/Apr/2024:23:25:47 +0000] "GET /api/v1/web/collection/list HTTP/1.1" - - "-" "PostmanRuntime/7.37.3"
